

============================== 2023-11-24 18:26:12.306870 | ba906695-c203-4663-a538-daf6560a530f ==============================
[0m18:26:12.306870 [info ] [MainThread]: Running with dbt=1.4.7
[0m18:26:12.309119 [debug] [MainThread]: running dbt with arguments {'write_json': True, 'use_colors': True, 'printer_width': 80, 'version_check': True, 'partial_parse': True, 'static_parser': True, 'profiles_dir': '/home/doug/.dbt', 'send_anonymous_usage_stats': True, 'quiet': False, 'no_print': False, 'cache_selected_only': False, 'config_dir': False, 'which': 'debug', 'indirect_selection': 'eager'}
[0m18:26:12.309981 [debug] [MainThread]: Tracking: tracking
[0m18:26:12.312804 [debug] [MainThread]: Sending event: {'category': 'dbt', 'action': 'invocation', 'label': 'start', 'context': [<snowplow_tracker.self_describing_json.SelfDescribingJson object at 0x7fa052fc3b50>, <snowplow_tracker.self_describing_json.SelfDescribingJson object at 0x7fa052b53ac0>, <snowplow_tracker.self_describing_json.SelfDescribingJson object at 0x7fa052b53df0>]}
[0m18:26:14.473140 [debug] [MainThread]: Executing "git --help"
[0m18:26:14.476375 [debug] [MainThread]: STDOUT: "b"usage: git [--version] [--help] [-C <path>] [-c <name>=<value>]\n           [--exec-path[=<path>]] [--html-path] [--man-path] [--info-path]\n           [-p | --paginate | -P | --no-pager] [--no-replace-objects] [--bare]\n           [--git-dir=<path>] [--work-tree=<path>] [--namespace=<name>]\n           [--super-prefix=<path>] [--config-env=<name>=<envvar>]\n           <command> [<args>]\n\nThese are common Git commands used in various situations:\n\nstart a working area (see also: git help tutorial)\n   clone     Clone a repository into a new directory\n   init      Create an empty Git repository or reinitialize an existing one\n\nwork on the current change (see also: git help everyday)\n   add       Add file contents to the index\n   mv        Move or rename a file, a directory, or a symlink\n   restore   Restore working tree files\n   rm        Remove files from the working tree and from the index\n\nexamine the history and state (see also: git help revisions)\n   bisect    Use binary search to find the commit that introduced a bug\n   diff      Show changes between commits, commit and working tree, etc\n   grep      Print lines matching a pattern\n   log       Show commit logs\n   show      Show various types of objects\n   status    Show the working tree status\n\ngrow, mark and tweak your common history\n   branch    List, create, or delete branches\n   commit    Record changes to the repository\n   merge     Join two or more development histories together\n   rebase    Reapply commits on top of another base tip\n   reset     Reset current HEAD to the specified state\n   switch    Switch branches\n   tag       Create, list, delete or verify a tag object signed with GPG\n\ncollaborate (see also: git help workflows)\n   fetch     Download objects and refs from another repository\n   pull      Fetch from and integrate with another repository or a local branch\n   push      Update remote refs along with associated objects\n\n'git help -a' and 'git help -g' list available subcommands and some\nconcept guides. See 'git help <command>' or 'git help <concept>'\nto read about a specific subcommand or concept.\nSee 'git help git' for an overview of the system.\n""
[0m18:26:14.477431 [debug] [MainThread]: STDERR: "b''"
[0m18:26:14.484028 [debug] [MainThread]: Acquiring new sqlserver connection 'debug'
[0m18:26:14.485534 [debug] [MainThread]: SQLServer adapter: Using sqlserver connection "debug".
[0m18:26:14.486768 [debug] [MainThread]: SQLServer adapter: On debug: select 1 as id
[0m18:26:14.487892 [debug] [MainThread]: Opening a new connection, currently in state init
[0m18:26:14.489222 [debug] [MainThread]: SQLServer adapter: Using connection string: DRIVER={ODBC Driver 18 for SQL Server};SERVER=172.28.160.1,65230;Database=dwadvworks_hml;UID={dbtlogin};PWD=***;encrypt=Yes;TrustServerCertificate=Yes;Application Name=dbt-sqlserver/1.4.3
[0m18:26:44.724766 [debug] [MainThread]: SQLServer adapter: Error running SQL: select 1 as id
[0m18:26:44.726113 [debug] [MainThread]: SQLServer adapter: Rolling back transaction.
[0m18:26:44.727224 [debug] [MainThread]: On debug: No close available on handle
[0m18:26:44.728470 [debug] [MainThread]: Sending event: {'category': 'dbt', 'action': 'invocation', 'label': 'end', 'context': [<snowplow_tracker.self_describing_json.SelfDescribingJson object at 0x7fa0549e8a90>, <snowplow_tracker.self_describing_json.SelfDescribingJson object at 0x7fa0549e8b50>, <snowplow_tracker.self_describing_json.SelfDescribingJson object at 0x7fa0549eb3a0>]}
[0m18:26:44.729499 [debug] [MainThread]: Flushing usage events
[0m18:26:45.544306 [debug] [MainThread]: Connection 'debug' was properly closed.


============================== 2023-11-24 18:30:08.399370 | 31a9a674-c7ee-48e8-99a5-5386b092921d ==============================
[0m18:30:08.399370 [info ] [MainThread]: Running with dbt=1.4.7
[0m18:30:08.401588 [debug] [MainThread]: running dbt with arguments {'write_json': True, 'use_colors': True, 'printer_width': 80, 'version_check': True, 'partial_parse': True, 'static_parser': True, 'profiles_dir': '/home/doug/.dbt', 'send_anonymous_usage_stats': True, 'quiet': False, 'no_print': False, 'cache_selected_only': False, 'config_dir': False, 'which': 'debug', 'indirect_selection': 'eager'}
[0m18:30:08.402419 [debug] [MainThread]: Tracking: tracking
[0m18:30:08.405239 [debug] [MainThread]: Sending event: {'category': 'dbt', 'action': 'invocation', 'label': 'start', 'context': [<snowplow_tracker.self_describing_json.SelfDescribingJson object at 0x7f012965b190>, <snowplow_tracker.self_describing_json.SelfDescribingJson object at 0x7f012965a500>, <snowplow_tracker.self_describing_json.SelfDescribingJson object at 0x7f012965b0d0>]}
[0m18:30:10.059651 [debug] [MainThread]: Executing "git --help"
[0m18:30:10.063471 [debug] [MainThread]: STDOUT: "b"usage: git [--version] [--help] [-C <path>] [-c <name>=<value>]\n           [--exec-path[=<path>]] [--html-path] [--man-path] [--info-path]\n           [-p | --paginate | -P | --no-pager] [--no-replace-objects] [--bare]\n           [--git-dir=<path>] [--work-tree=<path>] [--namespace=<name>]\n           [--super-prefix=<path>] [--config-env=<name>=<envvar>]\n           <command> [<args>]\n\nThese are common Git commands used in various situations:\n\nstart a working area (see also: git help tutorial)\n   clone     Clone a repository into a new directory\n   init      Create an empty Git repository or reinitialize an existing one\n\nwork on the current change (see also: git help everyday)\n   add       Add file contents to the index\n   mv        Move or rename a file, a directory, or a symlink\n   restore   Restore working tree files\n   rm        Remove files from the working tree and from the index\n\nexamine the history and state (see also: git help revisions)\n   bisect    Use binary search to find the commit that introduced a bug\n   diff      Show changes between commits, commit and working tree, etc\n   grep      Print lines matching a pattern\n   log       Show commit logs\n   show      Show various types of objects\n   status    Show the working tree status\n\ngrow, mark and tweak your common history\n   branch    List, create, or delete branches\n   commit    Record changes to the repository\n   merge     Join two or more development histories together\n   rebase    Reapply commits on top of another base tip\n   reset     Reset current HEAD to the specified state\n   switch    Switch branches\n   tag       Create, list, delete or verify a tag object signed with GPG\n\ncollaborate (see also: git help workflows)\n   fetch     Download objects and refs from another repository\n   pull      Fetch from and integrate with another repository or a local branch\n   push      Update remote refs along with associated objects\n\n'git help -a' and 'git help -g' list available subcommands and some\nconcept guides. See 'git help <command>' or 'git help <concept>'\nto read about a specific subcommand or concept.\nSee 'git help git' for an overview of the system.\n""
[0m18:30:10.064627 [debug] [MainThread]: STDERR: "b''"
[0m18:30:10.071637 [debug] [MainThread]: Acquiring new sqlserver connection 'debug'
[0m18:30:10.073089 [debug] [MainThread]: SQLServer adapter: Using sqlserver connection "debug".
[0m18:30:10.074459 [debug] [MainThread]: SQLServer adapter: On debug: select 1 as id
[0m18:30:10.075540 [debug] [MainThread]: Opening a new connection, currently in state init
[0m18:30:10.076831 [debug] [MainThread]: SQLServer adapter: Using connection string: DRIVER={ODBC Driver 18 for SQL Server};SERVER=172.29.160.1,65230;Database=dwadvworks_hml;UID={dbtlogin};PWD=***;encrypt=Yes;TrustServerCertificate=Yes;Application Name=dbt-sqlserver/1.4.3
[0m18:30:40.307202 [debug] [MainThread]: SQLServer adapter: Error running SQL: select 1 as id
[0m18:30:40.308266 [debug] [MainThread]: SQLServer adapter: Rolling back transaction.
[0m18:30:40.309275 [debug] [MainThread]: On debug: No close available on handle
[0m18:30:40.310488 [debug] [MainThread]: Sending event: {'category': 'dbt', 'action': 'invocation', 'label': 'end', 'context': [<snowplow_tracker.self_describing_json.SelfDescribingJson object at 0x7f012b587f40>, <snowplow_tracker.self_describing_json.SelfDescribingJson object at 0x7f012b584220>, <snowplow_tracker.self_describing_json.SelfDescribingJson object at 0x7f012b585750>]}
[0m18:30:40.311842 [debug] [MainThread]: Flushing usage events
[0m18:30:41.133483 [debug] [MainThread]: Connection 'debug' was properly closed.


============================== 2023-11-24 18:37:34.869931 | 71bcd110-3a7b-4a8b-a239-f6cb23183199 ==============================
[0m18:37:34.869931 [info ] [MainThread]: Running with dbt=1.4.7
[0m18:37:34.872062 [debug] [MainThread]: running dbt with arguments {'write_json': True, 'use_colors': True, 'printer_width': 80, 'version_check': True, 'partial_parse': True, 'static_parser': True, 'profiles_dir': '/home/doug/.dbt', 'send_anonymous_usage_stats': True, 'quiet': False, 'no_print': False, 'cache_selected_only': False, 'config_dir': False, 'which': 'debug', 'indirect_selection': 'eager'}
[0m18:37:34.873087 [debug] [MainThread]: Tracking: tracking
[0m18:37:34.876319 [debug] [MainThread]: Sending event: {'category': 'dbt', 'action': 'invocation', 'label': 'start', 'context': [<snowplow_tracker.self_describing_json.SelfDescribingJson object at 0x7f7dc13ffcd0>, <snowplow_tracker.self_describing_json.SelfDescribingJson object at 0x7f7dc125bb80>, <snowplow_tracker.self_describing_json.SelfDescribingJson object at 0x7f7dc125be50>]}
[0m18:37:36.602017 [debug] [MainThread]: Executing "git --help"
[0m18:37:36.605646 [debug] [MainThread]: STDOUT: "b"usage: git [--version] [--help] [-C <path>] [-c <name>=<value>]\n           [--exec-path[=<path>]] [--html-path] [--man-path] [--info-path]\n           [-p | --paginate | -P | --no-pager] [--no-replace-objects] [--bare]\n           [--git-dir=<path>] [--work-tree=<path>] [--namespace=<name>]\n           [--super-prefix=<path>] [--config-env=<name>=<envvar>]\n           <command> [<args>]\n\nThese are common Git commands used in various situations:\n\nstart a working area (see also: git help tutorial)\n   clone     Clone a repository into a new directory\n   init      Create an empty Git repository or reinitialize an existing one\n\nwork on the current change (see also: git help everyday)\n   add       Add file contents to the index\n   mv        Move or rename a file, a directory, or a symlink\n   restore   Restore working tree files\n   rm        Remove files from the working tree and from the index\n\nexamine the history and state (see also: git help revisions)\n   bisect    Use binary search to find the commit that introduced a bug\n   diff      Show changes between commits, commit and working tree, etc\n   grep      Print lines matching a pattern\n   log       Show commit logs\n   show      Show various types of objects\n   status    Show the working tree status\n\ngrow, mark and tweak your common history\n   branch    List, create, or delete branches\n   commit    Record changes to the repository\n   merge     Join two or more development histories together\n   rebase    Reapply commits on top of another base tip\n   reset     Reset current HEAD to the specified state\n   switch    Switch branches\n   tag       Create, list, delete or verify a tag object signed with GPG\n\ncollaborate (see also: git help workflows)\n   fetch     Download objects and refs from another repository\n   pull      Fetch from and integrate with another repository or a local branch\n   push      Update remote refs along with associated objects\n\n'git help -a' and 'git help -g' list available subcommands and some\nconcept guides. See 'git help <command>' or 'git help <concept>'\nto read about a specific subcommand or concept.\nSee 'git help git' for an overview of the system.\n""
[0m18:37:36.606569 [debug] [MainThread]: STDERR: "b''"
[0m18:37:36.612274 [debug] [MainThread]: Acquiring new sqlserver connection 'debug'
[0m18:37:36.613487 [debug] [MainThread]: SQLServer adapter: Using sqlserver connection "debug".
[0m18:37:36.614757 [debug] [MainThread]: SQLServer adapter: On debug: select 1 as id
[0m18:37:36.615866 [debug] [MainThread]: Opening a new connection, currently in state init
[0m18:37:36.616870 [debug] [MainThread]: SQLServer adapter: Using connection string: DRIVER={ODBC Driver 18 for SQL Server};SERVER=10.216.233.211,65230;Database=dwadvworks_hml;UID={dbtlogin};PWD=***;encrypt=Yes;TrustServerCertificate=Yes;Application Name=dbt-sqlserver/1.4.3
[0m18:37:36.751188 [debug] [MainThread]: SQLServer adapter: Connected to db: dwadvworks_hml
[0m18:37:36.752989 [debug] [MainThread]: SQLServer adapter: SQL status: OK in 0.14 seconds
[0m18:37:36.754671 [debug] [MainThread]: On debug: Close
[0m18:37:36.755831 [debug] [MainThread]: Sending event: {'category': 'dbt', 'action': 'invocation', 'label': 'end', 'context': [<snowplow_tracker.self_describing_json.SelfDescribingJson object at 0x7f7dc3185780>, <snowplow_tracker.self_describing_json.SelfDescribingJson object at 0x7f7dc31861d0>, <snowplow_tracker.self_describing_json.SelfDescribingJson object at 0x7f7dc31857b0>]}
[0m18:37:36.757279 [debug] [MainThread]: Flushing usage events
[0m18:37:37.599988 [debug] [MainThread]: Connection 'debug' was properly closed.
